#######################################################################################
# fsdb.xxxxx.log : log primitive debug message of FSDB Reader
# This is for R&D to analyze when there are issues happening when FSDB reading
# The corresponding FSDB file is /mnt/workspace/users/sudeep_b/sud_fifo/fifo_tb.fsdb
#######################################################################################
[BASIC]Reader version : Chronologic Simulation VCS Release X-2025.06-SP2_Full64
[BASIC]simulator version : Chronologic Simulation VCS Release X-2025.06-SP2_Full64
[BASIC]dumper version : FSDB Dumper for VCS, Release Verdi_X-2025.06-SP2, Linux x86_64/64bit, 11/27/2025
Async open disabled.
[THREAD]The MTR thread count is 9
[FHDB OPEN]options : 00000008
[READSCOPE]ReadScopeTree calling time is 1
[READSCOPE]ReadScope_PartialLoad calling time is 0
[READSCOPE]Scope read by partial load count is 0
[READSCOPE]Scope read count is 3
[READSCOPE]Decompressed blk is 1
[MAXCHAIN]Decompressed cnt 1
[PERF]VC decompress count : 1
[PERF]VCChain decompress count : 1
[FSDBGate Info] start
[FSDBGate Info] Total fhdb_compute_count = 0
[FSDBGate Info] end
