version: (200506)

available memory: 64M bytes
used memory: 73728 bytes [need 72K bytes if disable swap]

used block: 2 [memory(2) file(0)]
                 [ 8K(1) 64K(1) { total 72K bytes } ]
overhead: (9514) bytes for (2) blocks [Average: (4757) bytes/block]

write  => 0(times) 0K(bytes) [0K bytes to file]
read   => 1(times) 3K(bytes) [0K bytes compressed data from file]
access => 33796(times) 266M(bytes)
          [hit ratio: 99.997%]

time: write(0) read(0)  unit: second

swap file directory: (/mnt/workspace/users/sudeep_b/sud_fifo/verdiLog)
used swap file number: (1)



swap file manager:
arrSize: (256)
idxCnt: (4)
closeHead: (1)
closeTail: (2)
openCnt: (1)
fid(3): fd(0) fileName(NULL)
	mode(rb)	hot(1) cool(0) pos(0)
fid(2): fd(24) fileName(/mnt/workspace/users/sudeep_b/sud_fifo/verdiLog/_swap_0001#903819420#797695)
	size(0) lastModTime(0) curModTime(1773121306)
	mode(w+b)	hot(0) cool(1) pos(0)
fid(1): fd(0) fileName(NULL)
	mode(rb)	hot(2) cool(3) pos(0)
fid(0): fd(0) fileName(NULL)
	mode(NULL)	hot(0) cool(0) pos(0)
Swap system is reset at (Tue Mar 10 11:13:35 2026
)
version: (200506)

available memory: 64M bytes
used memory: 147456 bytes [need 72K bytes if disable swap]

used block: 4 [memory(4) file(0)]
                 [ 8K(2) 64K(2) { total 144K bytes } ]
overhead: (9514) bytes for (4) blocks [Average: (2378) bytes/block]

write  => 0(times) 0K(bytes) [0K bytes to file]
read   => 2(times) 6K(bytes) [1K bytes compressed data from file]
access => 69711(times) 549M(bytes)
          [hit ratio: 99.9971%]

time: write(0) read(0)  unit: second

swap file directory: (/mnt/workspace/users/sudeep_b/sud_fifo/verdiLog)
used swap file number: (4)



swap file manager:
arrSize: (256)
idxCnt: (7)
closeHead: (4)
closeTail: (5)
openCnt: (2)
fid(6): fd(0) fileName(/mnt/workspace/users/sudeep_b/sud_fifo/simv.daidir/kdb.elab++/work.lib++/transaction.sv.tdc)
	size(912) lastModTime(1773120930) curModTime(1773120930)
	mode(rb)	hot(0) cool(0) pos(0)
fid(5): fd(24) fileName(/mnt/workspace/users/sudeep_b/sud_fifo/verdiLog/_swap_0001#903819420#797695)
	size(0) lastModTime(0) curModTime(1773121415)
	mode(w+b)	hot(0) cool(4) pos(0)
fid(4): fd(1073741824) fileName(/mnt/workspace/users/sudeep_b/sud_fifo/simv.daidir/kdb.elab++/work.lib++/tb_top.sv.tdc)
	size(1665) lastModTime(1773120930) curModTime(1773120930)
	mode(rb)	hot(5) cool(0) pos(0)
fid(3): fd(0) fileName(NULL)
	mode(NULL)	hot(0) cool(0) pos(0)
fid(2): fd(0) fileName(NULL)
	mode(NULL)	hot(0) cool(0) pos(0)
fid(1): fd(0) fileName(NULL)
	mode(NULL)	hot(0) cool(0) pos(0)
fid(0): fd(0) fileName(NULL)
	mode(NULL)	hot(0) cool(0) pos(0)
==================================================
mySelf(0x2770dcd0) pre(0x22835040) next((nil))
version(200506)
date(Dec  1 2025 00:17:44)
