Command: vcs -full64 -sverilog -timescale=1ns/1ps -f flist.f -l compile.log
                         Chronologic VCS (TM)
       Version X-2025.06-SP2_Full64 -- Mon Mar 16 14:09:32 2026

                    Copyright (c) 1991 - 2025 Synopsys, Inc.
   This software and the associated documentation are proprietary to Synopsys,
 Inc. This software may only be used in accordance with the terms and conditions
 of a written license agreement with Synopsys, Inc. All other use, reproduction,
   or distribution of this software is strictly prohibited.  Licensed Products
     communicate with Synopsys servers for the purpose of providing software
    updates, detecting software piracy and verifying that customers are using
    Licensed Products in conformity with the applicable License Key for such
  Licensed Products. Synopsys will use information gathered in connection with
    this process to deliver software updates and pursue software pirates and
                                   infringers.

 Inclusivity & Diversity - Visit SolvNetPlus to read the "Synopsys Statement on
            Inclusivity and Diversity" (Refer to article 000036315 at
                        https://solvnetplus.synopsys.com)

Parsing design file '../dut/fifo_m.sv'
Parsing design file '../tb/fifo_if.sv'
Parsing design file '../tb/tb_logger.sv'
Parsing design file '../tb/transaction.sv'
Parsing design file '../tb/generator.sv'
Parsing design file '../tb/driver.sv'
Parsing design file '../tb/monitor.sv'
Parsing design file '../tb/scoreboard.sv'
Parsing design file '../tb/environment.sv'
Parsing design file '../tb/base_class.sv'
Parsing design file '../tb/tc1_reset_only.sv'
Parsing design file '../tb/tc2_write_when_empty.sv'
Parsing design file '../tb/tc3_read_when_empty.sv'
Parsing design file '../tb/tc4_write_until_full.sv'
Parsing design file '../tb/tc5_write_when_full.sv'
Parsing design file '../tb/fifo_test_suite.sv'
Parsing design file '../tb/test.sv'
Parsing design file '../tb/tb_top.sv'
Top Level Modules:
       tb_top
TimeScale is 1 ns / 1 ps
Notice: Ports coerced to inout, use -notice for details
Starting vcs inline pass...
4 modules and 0 UDP read.
recompiling module fifo_m
recompiling module fifo_if
recompiling module test
recompiling module tb_top
All of 4 modules done
make[1]: Entering directory '/mnt/workspace/users/sudeep_b/sud_fifo/sim/csrc'
rm -f _cuarc*.so _csrc*.so pre_vcsobj_*.so share_vcsobj_*.so
if [ -x ../simv ]; then chmod a-x ../simv; fi
g++  -o ../simv      -rdynamic  -Wl,-rpath='$ORIGIN'/simv.daidir -Wl,-rpath=./simv.daidir \
-Wl,-rpath=/mnt/workspace/tools/synopsys/vcs/X-2025.06-SP2/linux64/lib -L/mnt/workspace/tools/synopsys/vcs/X-2025.06-SP2/linux64/lib \
-Wl,-rpath-link=./  /usr/lib64/libnuma.so.1   objs/amcQw_d.o  _1916936_archive_1.so \
SIM_l.o      rmapats_mop.o rmapats.o rmar.o rmar_nd.o  rmar_llvm_0_1.o rmar_llvm_0_0.o \
-lvirsim -lerrorinf -lsnpsmalloc -lvfs      -lvcsnew -ldistsimclient -lsimprofile \
-luclinative /mnt/workspace/tools/synopsys/vcs/X-2025.06-SP2/linux64/lib/vcs_tls.o \
-Wl,-whole-archive  -lvcsucli    -Wl,-no-whole-archive          /mnt/workspace/tools/synopsys/vcs/X-2025.06-SP2/linux64/lib/vcs_save_restore_new.o \
-ldl  -lc -lm -lpthread -ldl 
../simv up to date
make[1]: Leaving directory '/mnt/workspace/users/sudeep_b/sud_fifo/sim/csrc'
CPU time: .277 seconds to compile + .231 seconds to elab + .147 seconds to link
